<?xml version="1.0" encoding="UTF-8"?>
<!-- Generated by org.testng.reporters.JUnitReportReporter -->
<testsuite skipped="0" hostname="Shyamjeets-MacBook-Pro.local" name="tests.LoginTests" tests="2" failures="0" timestamp="2023-04-23T13:13:58 IST" time="3.972" errors="0">
  <testcase name="test1" time="1.011" classname="tests.LoginTests"/>
  <system-out/>
  <testcase name="test" time="2.961" classname="tests.LoginTests"/>
  <system-out/>
</testsuite> <!-- tests.LoginTests -->
