<?xml version="1.0" encoding="UTF-8"?>
<!-- Generated by org.testng.reporters.JUnitReportReporter -->
<testsuite skipped="0" hostname="Shyamjeets-MacBook-Pro.local" name="tests.DeleteApisTests" tests="1" failures="0" timestamp="2023-04-23T14:53:50 IST" time="3.127" errors="0">
  <testcase name="test1" time="3.127" classname="tests.DeleteApisTests"/>
  <system-out/>
</testsuite> <!-- tests.DeleteApisTests -->
