<?xml version="1.0" encoding="UTF-8"?>
<!-- Generated by org.testng.reporters.JUnitReportReporter -->
<testsuite skipped="0" hostname="Shyamjeets-MacBook-Pro.local" name="tests.GetApisTests" tests="1" failures="0" timestamp="2023-04-23T13:18:57 IST" time="3.179" errors="0">
  <testcase name="test2" time="3.179" classname="tests.GetApisTests"/>
  <system-out/>
</testsuite> <!-- tests.GetApisTests -->
