<?xml version="1.0" encoding="UTF-8"?>
<!-- Generated by org.testng.reporters.JUnitReportReporter -->
<testsuite skipped="0" hostname="Shyamjeets-MacBook-Pro.local" name="tests.UserMangTests" tests="1" failures="0" timestamp="2020-05-06T08:44:13 IST" time="1.813" errors="0">
  <testcase name="getSingleUserDetails" time="1.813" classname="tests.UserMangTests"/>
  <system-out/>
</testsuite> <!-- tests.UserMangTests -->
