<?xml version="1.0" encoding="UTF-8"?>
<!-- Generated by org.testng.reporters.JUnitReportReporter -->
<testsuite skipped="0" hostname="Shyamjeets-MacBook-Pro.local" name="tests.PostApisTests" tests="1" failures="0" timestamp="2023-04-23T13:22:37 IST" time="3.027" errors="0">
  <testcase name="test1" time="3.027" classname="tests.PostApisTests"/>
  <system-out/>
</testsuite> <!-- tests.PostApisTests -->
