<?xml version="1.0" encoding="UTF-8"?>
<!-- Generated by org.testng.reporters.JUnitReportReporter -->
<testsuite skipped="0" hostname="Shyamjeets-MacBook-Pro.local" name="tests.demo" tests="1" failures="0" timestamp="2020-05-05T21:55:45 IST" time="5.609" errors="0">
  <testcase name="testww" time="5.609" classname="tests.demo"/>
  <system-out/>
</testsuite> <!-- tests.demo -->
